============================================================
  Generated by:           Genus(TM) Synthesis Solution 17.13-s033_1
  Generated on:           Sep 12 2019  09:08:18 am
  Module:                 mtm_Alu
    Operating conditions: worst 
  Interconnect mode:      global
  Area mode:              physical library
============================================================

                                                       Library 
      Gate       Instances    Area         Library      Domain 
---------------------------------------------------------------
UCL_AND2                25    518.400    SUSLIB_UCL_SS   WC_tc 
UCL_AOI21               43    713.318    SUSLIB_UCL_SS   WC_tc 
UCL_AOI22_2            235   4872.960    SUSLIB_UCL_SS   WC_tc 
UCL_AON2B_2             81   1679.616    SUSLIB_UCL_SS   WC_tc 
UCL_BUF                419  10426.061    SUSLIB_UCL_SS   WC_tc 
UCL_BUF8_2              24   2189.722    SUSLIB_UCL_SS   WC_tc 
UCL_CGI2                 1     24.883    SUSLIB_UCL_SS   WC_tc 
UCL_DFF                269  22311.936    SUSLIB_UCL_SS   WC_tc 
UCL_FA                  61   4047.667    SUSLIB_UCL_SS   WC_tc 
UCL_INV2               365   4541.184    SUSLIB_UCL_SS   WC_tc 
UCL_INV4                54   1791.590    SUSLIB_UCL_SS   WC_tc 
UCL_MUX2                48   1194.394    SUSLIB_UCL_SS   WC_tc 
UCL_MUX2A                5    145.152    SUSLIB_UCL_SS   WC_tc 
UCL_MUX2B                5    145.152    SUSLIB_UCL_SS   WC_tc 
UCL_NAND2               29    360.806    SUSLIB_UCL_SS   WC_tc 
UCL_NAND2A              45    746.496    SUSLIB_UCL_SS   WC_tc 
UCL_NAND2_2              7    145.152    SUSLIB_UCL_SS   WC_tc 
UCL_NAND2_WIDEN        143   1779.149    SUSLIB_UCL_SS   WC_tc 
UCL_NAND3              193   3201.638    SUSLIB_UCL_SS   WC_tc 
UCL_NOR2                85   1057.536    SUSLIB_UCL_SS   WC_tc 
UCL_NOR2_2               8    165.888    SUSLIB_UCL_SS   WC_tc 
UCL_NOR3                20    331.776    SUSLIB_UCL_SS   WC_tc 
UCL_OAI21               45    746.496    SUSLIB_UCL_SS   WC_tc 
UCL_OAI22               14    290.304    SUSLIB_UCL_SS   WC_tc 
UCL_OR2                  6    124.416    SUSLIB_UCL_SS   WC_tc 
UCL_XOR                 81   3023.309    SUSLIB_UCL_SS   WC_tc 
---------------------------------------------------------------
total                 2311  66575.002                  


                                          
     Type      Instances    Area   Area % 
------------------------------------------
sequential           269 22311.936   33.5 
inverter             419  6332.774    9.5 
buffer               443 12615.782   18.9 
logic               1180 25314.509   38.0 
physical_cells         0     0.000    0.0 
------------------------------------------
total               2311 66575.002  100.0 

