============================================================
  Generated by:           Genus(TM) Synthesis Solution 17.13-s033_1
  Generated on:           Sep 12 2019  09:08:17 am
  Module:                 mtm_Alu
  Library domain:         WC_tc
    Domain index:         0
    Technology library:   SUSLIB_UCL_SS 
    Operating conditions: worst 
  Interconnect mode:      global
  Area mode:              physical library
============================================================

Timing
--------

 Mode Clock  Period  
---------------------
WC_av clk   100000.0 


        Cost   Critical       Violating 
 Mode  Group  Path Slack TNS    Paths   
----------------------------------------
WC_av     clk    47967.4 0.0          0 
      default   No paths 0.0          0 
----------------------------------------
Total                    0.0          0 
                                        

Instance Count
--------------
Leaf Instance Count             2311 
Physical Instance count            0 
Sequential Instance Count        269 
Combinational Instance Count    2042 
Hierarchical Instance Count        5 

Area
----
Cell Area                          66575.002
Physical Cell Area                 0.000
Total Cell Area (Cell+Physical)    66575.002
Net Area                           29581.436
Total Area (Cell+Physical+Net)     96156.438

Max Fanout                         269 (clk)
Min Fanout                         1 (data_ready)
Average Fanout                     2.0
Terms to net ratio                 3.1162
Terms to instance ratio            3.2025
Runtime                            19.990989 seconds
Elapsed Runtime                    21 seconds
Genus peak memory usage            651.43 
Innovus peak memory usage          no_value 
Hostname                           localhost
